<?xml version="1.0" encoding="UTF-8"?>
<!-- Generated by org.testng.reporters.JUnitReportReporter -->
<testsuite skipped="0" hostname="sks-PC" name="Script.TestScript" tests="10" failures="0" timestamp="2020-11-21T10:40:04 IST" time="2.084" errors="0">
  <testcase name="ValidateUrl" time="0.012" classname="Script.TestScript"/>
  <system-out/>
  <testcase name="ValidateRadio" time="0.062" classname="Script.TestScript"/>
  <system-out/>
  <testcase name="ValidateCreateaccount" time="0.039" classname="Script.TestScript"/>
  <system-out/>
  <testcase name="ValidateCreate" time="0.099" classname="Script.TestScript"/>
  <system-out/>
  <testcase name="validateSurname" time="0.095" classname="Script.TestScript"/>
  <system-out/>
  <testcase name="ValidateDay" time="1.322" classname="Script.TestScript"/>
  <system-out/>
  <testcase name="Validateyear" time="0.091" classname="Script.TestScript"/>
  <system-out/>
  <testcase name="ValidateMonth" time="0.209" classname="Script.TestScript"/>
  <system-out/>
  <testcase name="validateFirstname" time="0.141" classname="Script.TestScript"/>
  <system-out/>
  <testcase name="ValidateTitle" time="0.014" classname="Script.TestScript"/>
  <system-out/>
</testsuite> <!-- Script.TestScript -->
