<?xml version="1.0" encoding="UTF-8"?>
<!-- Generated by org.testng.reporters.JUnitReportReporter -->
<testsuite skipped="0" hostname="sks-PC" name="Script.TestScript" tests="10" failures="0" timestamp="2020-11-27T12:38:00 IST" time="5.422" errors="0">
  <testcase name="ValidateUrl" time="0.005" classname="Script.TestScript"/>
  <system-out/>
  <testcase name="ValidateCreateaccount" time="0.089" classname="Script.TestScript"/>
  <system-out/>
  <testcase name="ValidateCreate" time="1.058" classname="Script.TestScript"/>
  <system-out/>
  <testcase name="ValidateMonth" time="0.136" classname="Script.TestScript"/>
  <system-out/>
  <testcase name="ValidateRadio" time="0.049" classname="Script.TestScript"/>
  <system-out/>
  <testcase name="ValidateDay" time="3.504" classname="Script.TestScript"/>
  <system-out/>
  <testcase name="validateSurname" time="0.157" classname="Script.TestScript"/>
  <system-out/>
  <testcase name="ValidateTitle" time="0.005" classname="Script.TestScript"/>
  <system-out/>
  <testcase name="Validateyear" time="0.073" classname="Script.TestScript"/>
  <system-out/>
  <testcase name="validateFirstname" time="0.346" classname="Script.TestScript"/>
  <system-out/>
</testsuite> <!-- Script.TestScript -->
